<?xml version="1.0" encoding="UTF-8"?>
<testsuite xmlns:xsi="http://www.w3.org/2001/XMLSchema-instance" xsi:noNamespaceSchemaLocation="https://maven.apache.org/surefire/maven-surefire-plugin/xsd/surefire-test-report-3.0.xsd" version="3.0" name="com.emsb.GatewayApplicationTests" time="7.563" tests="1" errors="0" skipped="0" failures="0">
  <properties>
[...]
</properties>
  <testcase name="contextLoads" classname="com.emsb.GatewayApplicationTests" time="1.325">
    <system-out><![CDATA[16:51:41.800 [main] INFO org.springframework.test.context.support.AnnotationConfigContextLoaderUtils -- Could not detect default configuration classes for test class [com.emsb.GatewayApplicationTests]: GatewayApplicationTests does not declare any static, non-private, non-final, nested classes annotated with @Configuration.
16:51:41.979 [main] INFO org.springframework.boot.test.context.SpringBootTestContextBootstrapper -- Found @SpringBootConfiguration com.emsb.GatewayApplication for test class com.emsb.GatewayApplicationTests

  .   ____          _            __ _ _
 /\\ / ___'_ __ _ _(_)_ __  __ _ \ \ \ \
( ( )\___ | '_ | '_| | '_ \/ _` | \ \ \ \
 \\/  ___)| |_)| | | | | || (_| |  ) ) ) )
  '  |____| .__|_| |_|_| |_\__, | / / / /
 =========|_|==============|___/=/_/_/_/

 :: Spring Boot ::                (v3.3.2)

2024-08-27T16:51:42.779+05:30  INFO 4956 --- [           main] com.emsb.GatewayApplicationTests         : Starting GatewayApplicationTests using Java 22.0.1 with PID 4956 (started by dheer in D:\Project_Payroll_Management\Gateway)
2024-08-27T16:51:42.780+05:30  INFO 4956 --- [           main] com.emsb.GatewayApplicationTests         : No active profile set, falling back to 1 default profile: "default"
2024-08-27T16:51:44.452+05:30  INFO 4956 --- [           main] o.s.cloud.context.scope.GenericScope     : BeanFactory id=06543c81-b015-3178-bd8b-d1bfc658fab4
2024-08-27T16:51:44.613+05:30  WARN 4956 --- [           main] trationDelegate$BeanPostProcessorChecker : Bean 'org.springframework.cloud.client.loadbalancer.LoadBalancerAutoConfiguration$DeferringLoadBalancerInterceptorConfig' of type [org.springframework.cloud.client.loadbalancer.LoadBalancerAutoConfiguration$DeferringLoadBalancerInterceptorConfig] is not eligible for getting processed by all BeanPostProcessors (for example: not eligible for auto-proxying). The currently created BeanPostProcessor [lbRestClientPostProcessor] is declared through a non-static factory method on that class; consider declaring it as static instead.
2024-08-27T16:51:44.620+05:30  WARN 4956 --- [           main] trationDelegate$BeanPostProcessorChecker : Bean 'deferringLoadBalancerInterceptor' of type [org.springframework.cloud.client.loadbalancer.DeferringLoadBalancerInterceptor] is not eligible for getting processed by all BeanPostProcessors (for example: not eligible for auto-proxying). Is this bean getting eagerly injected into a currently created BeanPostProcessor [lbRestClientPostProcessor]? Check the corresponding BeanPostProcessor declaration and its dependencies.
2024-08-27T16:51:44.623+05:30  WARN 4956 --- [           main] trationDelegate$BeanPostProcessorChecker : Bean 'org.springframework.cloud.client.loadbalancer.reactive.LoadBalancerBeanPostProcessorAutoConfiguration' of type [org.springframework.cloud.client.loadbalancer.reactive.LoadBalancerBeanPostProcessorAutoConfiguration] is not eligible for getting processed by all BeanPostProcessors (for example: not eligible for auto-proxying). The currently created BeanPostProcessor [loadBalancerWebClientBuilderBeanPostProcessor] is declared through a non-static factory method on that class; consider declaring it as static instead.
2024-08-27T16:51:44.625+05:30  WARN 4956 --- [           main] trationDelegate$BeanPostProcessorChecker : Bean 'org.springframework.cloud.client.loadbalancer.reactive.LoadBalancerBeanPostProcessorAutoConfiguration$ReactorDeferringLoadBalancerFilterConfig' of type [org.springframework.cloud.client.loadbalancer.reactive.LoadBalancerBeanPostProcessorAutoConfiguration$ReactorDeferringLoadBalancerFilterConfig] is not eligible for getting processed by all BeanPostProcessors (for example: not eligible for auto-proxying). Is this bean getting eagerly injected into a currently created BeanPostProcessor [loadBalancerWebClientBuilderBeanPostProcessor]? Check the corresponding BeanPostProcessor declaration and its dependencies.
2024-08-27T16:51:44.628+05:30  WARN 4956 --- [           main] trationDelegate$BeanPostProcessorChecker : Bean 'reactorDeferringLoadBalancerExchangeFilterFunction' of type [org.springframework.cloud.client.loadbalancer.reactive.DeferringLoadBalancerExchangeFilterFunction] is not eligible for getting processed by all BeanPostProcessors (for example: not eligible for auto-proxying). Is this bean getting eagerly injected into a currently created BeanPostProcessor [loadBalancerWebClientBuilderBeanPostProcessor]? Check the corresponding BeanPostProcessor declaration and its dependencies.
2024-08-27T16:51:46.150+05:30  INFO 4956 --- [           main] o.s.c.g.r.RouteDefinitionRouteLocator    : Loaded RoutePredicateFactory [After]
2024-08-27T16:51:46.150+05:30  INFO 4956 --- [           main] o.s.c.g.r.RouteDefinitionRouteLocator    : Loaded RoutePredicateFactory [Before]
2024-08-27T16:51:46.150+05:30  INFO 4956 --- [           main] o.s.c.g.r.RouteDefinitionRouteLocator    : Loaded RoutePredicateFactory [Between]
2024-08-27T16:51:46.150+05:30  INFO 4956 --- [           main] o.s.c.g.r.RouteDefinitionRouteLocator    : Loaded RoutePredicateFactory [Cookie]
2024-08-27T16:51:46.150+05:30  INFO 4956 --- [           main] o.s.c.g.r.RouteDefinitionRouteLocator    : Loaded RoutePredicateFactory [Header]
2024-08-27T16:51:46.152+05:30  INFO 4956 --- [           main] o.s.c.g.r.RouteDefinitionRouteLocator    : Loaded RoutePredicateFactory [Host]
2024-08-27T16:51:46.152+05:30  INFO 4956 --- [           main] o.s.c.g.r.RouteDefinitionRouteLocator    : Loaded RoutePredicateFactory [Method]
2024-08-27T16:51:46.152+05:30  INFO 4956 --- [           main] o.s.c.g.r.RouteDefinitionRouteLocator    : Loaded RoutePredicateFactory [Path]
2024-08-27T16:51:46.152+05:30  INFO 4956 --- [           main] o.s.c.g.r.RouteDefinitionRouteLocator    : Loaded RoutePredicateFactory [Query]
2024-08-27T16:51:46.152+05:30  INFO 4956 --- [           main] o.s.c.g.r.RouteDefinitionRouteLocator    : Loaded RoutePredicateFactory [ReadBody]
2024-08-27T16:51:46.152+05:30  INFO 4956 --- [           main] o.s.c.g.r.RouteDefinitionRouteLocator    : Loaded RoutePredicateFactory [RemoteAddr]
2024-08-27T16:51:46.152+05:30  INFO 4956 --- [           main] o.s.c.g.r.RouteDefinitionRouteLocator    : Loaded RoutePredicateFactory [XForwardedRemoteAddr]
2024-08-27T16:51:46.152+05:30  INFO 4956 --- [           main] o.s.c.g.r.RouteDefinitionRouteLocator    : Loaded RoutePredicateFactory [Weight]
2024-08-27T16:51:46.152+05:30  INFO 4956 --- [           main] o.s.c.g.r.RouteDefinitionRouteLocator    : Loaded RoutePredicateFactory [CloudFoundryRouteService]
2024-08-27T16:51:46.747+05:30  INFO 4956 --- [           main] DiscoveryClientOptionalArgsConfiguration : Eureka HTTP Client uses RestTemplate.
2024-08-27T16:51:46.799+05:30  WARN 4956 --- [           main] iguration$LoadBalancerCaffeineWarnLogger : Spring Cloud LoadBalancer is currently working with the default cache. While this cache implementation is useful for development and tests, it's recommended to use Caffeine cache in production.You can switch to using Caffeine cache, by adding it and org.springframework.cache.caffeine.CaffeineCacheManager to the classpath.
2024-08-27T16:51:46.857+05:30  INFO 4956 --- [           main] o.s.c.n.eureka.InstanceInfoFactory       : Setting initial instance status as: STARTING
2024-08-27T16:51:46.904+05:30  INFO 4956 --- [           main] com.netflix.discovery.DiscoveryClient    : Initializing Eureka in region us-east-1
2024-08-27T16:51:46.916+05:30  INFO 4956 --- [           main] c.n.d.s.r.aws.ConfigClusterResolver      : Resolving eureka endpoints via configuration
2024-08-27T16:51:46.930+05:30  INFO 4956 --- [           main] com.netflix.discovery.DiscoveryClient    : Disable delta property : false
2024-08-27T16:51:46.930+05:30  INFO 4956 --- [           main] com.netflix.discovery.DiscoveryClient    : Single vip registry refresh property : null
2024-08-27T16:51:46.931+05:30  INFO 4956 --- [           main] com.netflix.discovery.DiscoveryClient    : Force full registry fetch : false
2024-08-27T16:51:46.931+05:30  INFO 4956 --- [           main] com.netflix.discovery.DiscoveryClient    : Application is null : false
2024-08-27T16:51:46.931+05:30  INFO 4956 --- [           main] com.netflix.discovery.DiscoveryClient    : Registered Applications size is zero : true
2024-08-27T16:51:46.931+05:30  INFO 4956 --- [           main] com.netflix.discovery.DiscoveryClient    : Application version is -1: true
2024-08-27T16:51:46.931+05:30  INFO 4956 --- [           main] com.netflix.discovery.DiscoveryClient    : Getting all instance registry info from the eureka server
2024-08-27T16:51:47.618+05:30  INFO 4956 --- [           main] com.netflix.discovery.DiscoveryClient    : The response status is 200
2024-08-27T16:51:47.620+05:30  INFO 4956 --- [           main] com.netflix.discovery.DiscoveryClient    : Starting heartbeat executor: renew interval is: 30
2024-08-27T16:51:47.624+05:30  INFO 4956 --- [           main] c.n.discovery.InstanceInfoReplicator     : InstanceInfoReplicator onDemand update allowed rate per min is 4
2024-08-27T16:51:47.626+05:30  INFO 4956 --- [           main] com.netflix.discovery.DiscoveryClient    : Discovery Client initialized at timestamp 1724757707625 with initial instances count: 1
2024-08-27T16:51:47.648+05:30  INFO 4956 --- [           main] o.s.c.n.e.s.EurekaServiceRegistry        : Registering application UNKNOWN with eureka with status UP
2024-08-27T16:51:47.650+05:30  INFO 4956 --- [           main] com.netflix.discovery.DiscoveryClient    : Saw local status change event StatusChangeEvent [timestamp=1724757707650, current=UP, previous=STARTING]
2024-08-27T16:51:47.654+05:30  INFO 4956 --- [foReplicator-%d] com.netflix.discovery.DiscoveryClient    : DiscoveryClient_UNKNOWN/Lenovo: registering service...
2024-08-27T16:51:47.735+05:30  INFO 4956 --- [           main] com.emsb.GatewayApplicationTests         : Started GatewayApplicationTests in 5.528 seconds (process running for 7.539)
2024-08-27T16:51:47.773+05:30  INFO 4956 --- [foReplicator-%d] com.netflix.discovery.DiscoveryClient    : DiscoveryClient_UNKNOWN/Lenovo - registration status: 204
]]></system-out>
    <system-err><![CDATA[WARNING: A Java agent has been loaded dynamically (C:\Users\dheer\.m2\repository\net\bytebuddy\byte-buddy-agent\1.14.18\byte-buddy-agent-1.14.18.jar)
WARNING: If a serviceability tool is in use, please run with -XX:+EnableDynamicAgentLoading to hide this warning
WARNING: If a serviceability tool is not in use, please run with -Djdk.instrument.traceUsage for more information
WARNING: Dynamic loading of agents will be disallowed by default in a future release
]]></system-err>
  </testcase>
</testsuite>